<?xml version="1.0" encoding="UTF-8"?>
<testng-results ignored="1" total="2" passed="1" failed="0" skipped="0">
  <reporter-output>
  </reporter-output>
  <suite started-at="2025-12-30T14:59:25 IST" name="Suite" finished-at="2025-12-30T14:59:43 IST" duration-ms="18426">
    <groups>
      <group name="SmokeTest">
        <method signature="Createorg.createOrg()[pri:0, instance:com.crm.comcast.orgtest.Createorg@73a1e9a9]" name="createOrg" class="com.crm.comcast.orgtest.Createorg"/>
      </group> <!-- SmokeTest -->
    </groups>
    <test started-at="2025-12-30T14:59:25 IST" name="Test" finished-at="2025-12-30T14:59:43 IST" duration-ms="18426">
      <class name="com.crm.comcast.orgtest.Createorg">
        <test-method is-config="true" signature="beforeSuite()[pri:0, instance:com.crm.comcast.orgtest.Createorg@73a1e9a9]" started-at="2025-12-30T14:59:25 IST" name="beforeSuite" finished-at="2025-12-30T14:59:25 IST" duration-ms="15" status="PASS">
          <reporter-output>
          </reporter-output>
        </test-method> <!-- beforeSuite -->
        <test-method is-config="true" signature="launchBrowser()[pri:0, instance:com.crm.comcast.orgtest.Createorg@73a1e9a9]" started-at="2025-12-30T14:59:25 IST" name="launchBrowser" finished-at="2025-12-30T14:59:28 IST" duration-ms="3862" status="PASS">
          <reporter-output>
          </reporter-output>
        </test-method> <!-- launchBrowser -->
        <test-method is-config="true" signature="login()[pri:0, instance:com.crm.comcast.orgtest.Createorg@73a1e9a9]" started-at="2025-12-30T14:59:29 IST" name="login" finished-at="2025-12-30T14:59:31 IST" duration-ms="2369" status="PASS">
          <reporter-output>
          </reporter-output>
        </test-method> <!-- login -->
        <test-method signature="createOrg()[pri:0, instance:com.crm.comcast.orgtest.Createorg@73a1e9a9]" started-at="2025-12-30T14:59:31 IST" name="createOrg" finished-at="2025-12-30T14:59:41 IST" duration-ms="9987" status="PASS">
          <reporter-output>
          </reporter-output>
        </test-method> <!-- createOrg -->
        <test-method is-config="true" signature="loginOut()[pri:0, instance:com.crm.comcast.orgtest.Createorg@73a1e9a9]" started-at="2025-12-30T14:59:41 IST" name="loginOut" finished-at="2025-12-30T14:59:43 IST" duration-ms="1902" status="PASS">
          <reporter-output>
          </reporter-output>
        </test-method> <!-- loginOut -->
        <test-method is-config="true" signature="closeBrowser()[pri:0, instance:com.crm.comcast.orgtest.Createorg@73a1e9a9]" started-at="2025-12-30T14:59:43 IST" name="closeBrowser" finished-at="2025-12-30T14:59:43 IST" duration-ms="250" status="PASS">
          <reporter-output>
          </reporter-output>
        </test-method> <!-- closeBrowser -->
        <test-method is-config="true" signature="afterSuite()[pri:0, instance:com.crm.comcast.orgtest.Createorg@73a1e9a9]" started-at="2025-12-30T14:59:43 IST" name="afterSuite" finished-at="2025-12-30T14:59:43 IST" duration-ms="0" status="PASS">
          <reporter-output>
          </reporter-output>
        </test-method> <!-- afterSuite -->
      </class> <!-- com.crm.comcast.orgtest.Createorg -->
    </test> <!-- Test -->
  </suite> <!-- Suite -->
</testng-results>
